% Jaime Rodriguez (jr1713) and Ignacio Navarro (in714)

Using the default configuration our system reaches consensus and has no
trouble collecting and processing all the messages.

Configuration:

  N_servers  = 5,
  N_clients  = 3,
  N_accounts = 10,
  Max_amount = 1000,
  End_after  = 1000,   %  Milli-seconds for Simulation

Output:

erl -noshell -pa ebin -setcookie pass -run system start
Transactions 960
  1 |  -5990 | <0.71.0> 
  2 |   2661 | <0.71.0> 
  3 |  -8664 | <0.71.0> 
  4 |  15145 | <0.71.0> 
  5 |  -4755 | <0.71.0> 
  6 |   3090 | <0.71.0> 
  7 |  -8672 | <0.71.0> 
  8 |   5810 | <0.71.0> 
  9 | -10594 | <0.71.0> 
 10 |  11969 | <0.71.0> 

Transactions 960
  1 |  -5990 | <0.59.0> 
  2 |   2661 | <0.59.0> 
  3 |  -8664 | <0.59.0> 
  4 |  15145 | <0.59.0> 
  5 |  -4755 | <0.59.0> 
  6 |   3090 | <0.59.0> 
  7 |  -8672 | <0.59.0> 
  8 |   5810 | <0.59.0> 
  9 | -10594 | <0.59.0> 
 10 |  11969 | <0.59.0> 

Transactions 960
  1 |  -5990 | <0.67.0> 
  2 |   2661 | <0.67.0> 
  3 |  -8664 | <0.67.0> 
  4 |  15145 | <0.67.0> 
  5 |  -4755 | <0.67.0> 
  6 |   3090 | <0.67.0> 
  7 |  -8672 | <0.67.0> 
  8 |   5810 | <0.67.0> 
  9 | -10594 | <0.67.0> 
 10 |  11969 | <0.67.0> 

Transactions 960
  1 |  -5990 | <0.75.0> 
  2 |   2661 | <0.75.0> 
  3 |  -8664 | <0.75.0> 
  4 |  15145 | <0.75.0> 
  5 |  -4755 | <0.75.0> 
  6 |   3090 | <0.75.0> 
  7 |  -8672 | <0.75.0> 
  8 |   5810 | <0.75.0> 
  9 | -10594 | <0.75.0> 
 10 |  11969 | <0.75.0> 

Transactions 960
  1 |  -5990 | <0.63.0> 
  2 |   2661 | <0.63.0> 
  3 |  -8664 | <0.63.0> 
  4 |  15145 | <0.63.0> 
  5 |  -4755 | <0.63.0> 
  6 |   3090 | <0.63.0> 
  7 |  -8672 | <0.63.0> 
  8 |   5810 | <0.63.0> 
  9 | -10594 | <0.63.0> 
 10 |  11969 | <0.63.0> 

