% Jaime Rodriguez (jr1713) and Ignacio Navarro (in714)

If we have a very high number of clients and servers, our consensus algorithm
is overwhelmed by the large number of messages and does not finish processing
all of them by the time the database prints the results.

With the following configuration:

% Database wait = End_after + 20000 (Wait 20 seconds after simulation)
% N_servers  = 30,
% N_clients  = 30,
% N_accounts = 5,
% Max_amount = 1000,
% End_after  = 1000,   %  Milli-seconds for Simulation

the databases of all servers were not in sync by the end of the simulation.

A more efficient implementation of the algorithm in terms of data structures
and overall complexity might have finished within the 20 additional seconds
that the database waits for.

Since it seemed that there wasn't enough time to process all the requests
(even though we increase how long the database waits for), we also
increased the sleep time that the clients waited before sending new messages
from 1ms to 10ms.

Here is the result:


erl -noshell -pa ebin -setcookie pass -run system start
Transactions 681
  1 | -12447 | <0.194.0> 
  2 |   1461 | <0.194.0> 
  3 |   1506 | <0.194.0> 
  4 |  -5368 | <0.194.0> 
  5 |  14848 | <0.194.0> 

Transactions 681
  1 | -12447 | <0.104.0> 
  2 |   1461 | <0.104.0> 
  3 |   1506 | <0.104.0> 
  4 |  -5368 | <0.104.0> 
  5 |  14848 | <0.104.0> 

Transactions 681
  1 | -12447 | <0.112.0> 
  2 |   1461 | <0.112.0> 
  3 |   1506 | <0.112.0> 
  4 |  -5368 | <0.112.0> 
  5 |  14848 | <0.112.0> 

Transactions 681
  1 | -12447 | <0.184.0> 
  2 |   1461 | <0.184.0> 
  3 |   1506 | <0.184.0> 
  4 |  -5368 | <0.184.0> 
  5 |  14848 | <0.184.0> 

Transactions 681
  1 | -12447 | <0.144.0> 
  2 |   1461 | <0.144.0> 
  3 |   1506 | <0.144.0> 
  4 |  -5368 | <0.144.0> 
  5 |  14848 | <0.144.0> 

Transactions 681
  1 | -12447 | <0.132.0> 
  2 |   1461 | <0.132.0> 
  3 |   1506 | <0.132.0> 
  4 |  -5368 | <0.132.0> 
  5 |  14848 | <0.132.0> 

Transactions 681
  1 | -12447 | <0.180.0> 
  2 |   1461 | <0.180.0> 
  3 |   1506 | <0.180.0> 
  4 |  -5368 | <0.180.0> 
  5 |  14848 | <0.180.0> 

Transactions 681
  1 | -12447 | <0.108.0> 
  2 |   1461 | <0.108.0> 
  3 |   1506 | <0.108.0> 
  4 |  -5368 | <0.108.0> 
  5 |  14848 | <0.108.0> 

Transactions 681
  1 | -12447 | <0.116.0> 
  2 |   1461 | <0.116.0> 
  3 |   1506 | <0.116.0> 
  4 |  -5368 | <0.116.0> 
  5 |  14848 | <0.116.0> 

Transactions 681
  1 | -12447 | <0.160.0> 
  2 |   1461 | <0.160.0> 
  3 |   1506 | <0.160.0> 
  4 |  -5368 | <0.160.0> 
  5 |  14848 | <0.160.0> 

Transactions 681
  1 | -12447 | <0.140.0> 
  2 |   1461 | <0.140.0> 
  3 |   1506 | <0.140.0> 
  4 |  -5368 | <0.140.0> 
  5 |  14848 | <0.140.0> 

Transactions 681
  1 | -12447 | <0.152.0> 
  2 |   1461 | <0.152.0> 
  3 |   1506 | <0.152.0> 
  4 |  -5368 | <0.152.0> 
  5 |  14848 | <0.152.0> 

Transactions 681
  1 | -12447 | <0.172.0> 
  2 |   1461 | <0.172.0> 
  3 |   1506 | <0.172.0> 
  4 |  -5368 | <0.172.0> 
  5 |  14848 | <0.172.0> 

Transactions 681
  1 | -12447 | <0.84.0> 
  2 |   1461 | <0.84.0> 
  3 |   1506 | <0.84.0> 
  4 |  -5368 | <0.84.0> 
  5 |  14848 | <0.84.0> 

Transactions 681
  1 | -12447 | <0.92.0> 
  2 |   1461 | <0.92.0> 
  3 |   1506 | <0.92.0> 
  4 |  -5368 | <0.92.0> 
  5 |  14848 | <0.92.0> 

Transactions 681
  1 | -12447 | <0.128.0> 
  2 |   1461 | <0.128.0> 
  3 |   1506 | <0.128.0> 
  4 |  -5368 | <0.128.0> 
  5 |  14848 | <0.128.0> 

Transactions 681
  1 | -12447 | <0.96.0> 
  2 |   1461 | <0.96.0> 
  3 |   1506 | <0.96.0> 
  4 |  -5368 | <0.96.0> 
  5 |  14848 | <0.96.0> 

Transactions 681
  1 | -12447 | <0.100.0> 
  2 |   1461 | <0.100.0> 
  3 |   1506 | <0.100.0> 
  4 |  -5368 | <0.100.0> 
  5 |  14848 | <0.100.0> 

Transactions 681
  1 | -12447 | <0.156.0> 
  2 |   1461 | <0.156.0> 
  3 |   1506 | <0.156.0> 
  4 |  -5368 | <0.156.0> 
  5 |  14848 | <0.156.0> 

Transactions 681
  1 | -12447 | <0.168.0> 
  2 |   1461 | <0.168.0> 
  3 |   1506 | <0.168.0> 
  4 |  -5368 | <0.168.0> 
  5 |  14848 | <0.168.0> 

Transactions 681
  1 | -12447 | <0.120.0> 
  2 |   1461 | <0.120.0> 
  3 |   1506 | <0.120.0> 
  4 |  -5368 | <0.120.0> 
  5 |  14848 | <0.120.0> 

Transactions 681
  1 | -12447 | <0.124.0> 
  2 |   1461 | <0.124.0> 
  3 |   1506 | <0.124.0> 
  4 |  -5368 | <0.124.0> 
  5 |  14848 | <0.124.0> 

Transactions 681
  1 | -12447 | <0.188.0> 
  2 |   1461 | <0.188.0> 
  3 |   1506 | <0.188.0> 
  4 |  -5368 | <0.188.0> 
  5 |  14848 | <0.188.0> 

Transactions 681
  1 | -12447 | <0.136.0> 
  2 |   1461 | <0.136.0> 
  3 |   1506 | <0.136.0> 
  4 |  -5368 | <0.136.0> 
  5 |  14848 | <0.136.0> 

Transactions 681
  1 | -12447 | <0.148.0> 
  2 |   1461 | <0.148.0> 
  3 |   1506 | <0.148.0> 
  4 |  -5368 | <0.148.0> 
  5 |  14848 | <0.148.0> 

Transactions 681
  1 | -12447 | <0.164.0> 
  2 |   1461 | <0.164.0> 
  3 |   1506 | <0.164.0> 
  4 |  -5368 | <0.164.0> 
  5 |  14848 | <0.164.0> 

Transactions 681
  1 | -12447 | <0.176.0> 
  2 |   1461 | <0.176.0> 
  3 |   1506 | <0.176.0> 
  4 |  -5368 | <0.176.0> 
  5 |  14848 | <0.176.0> 

Transactions 681
  1 | -12447 | <0.88.0> 
  2 |   1461 | <0.88.0> 
  3 |   1506 | <0.88.0> 
  4 |  -5368 | <0.88.0> 
  5 |  14848 | <0.88.0> 

Transactions 681
  1 | -12447 | <0.199.0> 
  2 |   1461 | <0.199.0> 
  3 |   1506 | <0.199.0> 
  4 |  -5368 | <0.199.0> 
  5 |  14848 | <0.199.0> 

Transactions 681
  1 | -12447 | <0.192.0> 
  2 |   1461 | <0.192.0> 
  3 |   1506 | <0.192.0> 
  4 |  -5368 | <0.192.0> 
  5 |  14848 | <0.192.0> 

