% Jaime Rodriguez (jr1713) and Ignacio Navarro (in714)

We can reliably increase the number of clients and accounts as well as the maximum amount of money involved in the
transactions and the simulation time, and our algorithm still achieves consensus. In this example, we haven't increased
the time that the database waits for after the simulation finishes running (i.e. it is still End_after + 3000ms).

We used the following configuration:

  N_servers  = 5,
  N_clients  = 10,
  N_accounts = 15,
  Max_amount = 2000,   

  End_after  = 3000,   %  Milli-seconds for Simulation

Output:


erlc -o ebin system.erl
erl -noshell -pa ebin -setcookie pass -run system start
Transactions 891
1 -3059 <0.63.0>
2 -17543 <0.63.0>
3 -8942 <0.63.0>
4 -12518 <0.63.0>
5 17524 <0.63.0>
6 13945 <0.63.0>
7 -10561 <0.63.0>
8 10953 <0.63.0>
9 569 <0.63.0>
10 24052 <0.63.0>
11 -16797 <0.63.0>
12 -1570 <0.63.0>
13 4055 <0.63.0>
14 2934 <0.63.0>
15 -3042 <0.63.0>

Transactions 891
1 -3059 <0.75.0>
2 -17543 <0.75.0>
3 -8942 <0.75.0>
4 -12518 <0.75.0>
5 17524 <0.75.0>
6 13945 <0.75.0>
7 -10561 <0.75.0>
8 10953 <0.75.0>
9 569 <0.75.0>
10 24052 <0.75.0>
11 -16797 <0.75.0>
12 -1570 <0.75.0>
13 4055 <0.75.0>
14 2934 <0.75.0>
15 -3042 <0.75.0>

Transactions 891
1 -3059 <0.59.0>
2 -17543 <0.59.0>
3 -8942 <0.59.0>
4 -12518 <0.59.0>
5 17524 <0.59.0>
6 13945 <0.59.0>
7 -10561 <0.59.0>
8 10953 <0.59.0>
9 569 <0.59.0>
10 24052 <0.59.0>
11 -16797 <0.59.0>
12 -1570 <0.59.0>
13 4055 <0.59.0>
14 2934 <0.59.0>
15 -3042 <0.59.0>

Transactions 891
1 -3059 <0.67.0>
2 -17543 <0.67.0>
3 -8942 <0.67.0>
4 -12518 <0.67.0>
5 17524 <0.67.0>
6 13945 <0.67.0>
7 -10561 <0.67.0>
8 10953 <0.67.0>
9 569 <0.67.0>
10 24052 <0.67.0>
11 -16797 <0.67.0>
12 -1570 <0.67.0>
13 4055 <0.67.0>
14 2934 <0.67.0>
15 -3042 <0.67.0>

Transactions 891
1 -3059 <0.71.0>
2 -17543 <0.71.0>
3 -8942 <0.71.0>
4 -12518 <0.71.0>
5 17524 <0.71.0>
6 13945 <0.71.0>
7 -10561 <0.71.0>
8 10953 <0.71.0>
9 569 <0.71.0>
10 24052 <0.71.0>
11 -16797 <0.71.0>
12 -1570 <0.71.0>
13 4055 <0.71.0>
14 2934 <0.71.0>
15 -3042 <0.71.0>